<?xml version="1.0" encoding="UTF-8"?>
<!-- Generated by org.testng.reporters.JUnitXMLReporter -->
<testsuite ignored="0" hostname="Harshal-Patil" failures="0" tests="3" name="Default test" time="72.088" errors="0" timestamp="2025-12-18T16:51:00 IST">
  <testcase classname="FunctionalTesting.PIMTest" name="tc_001" time="6.568"/>
  <testcase classname="FunctionalTesting.PIMTest" name="tc_002" time="49.083"/>
  <testcase classname="FunctionalTesting.PIMTest" name="tc_003" time="0.005"/>
</testsuite> <!-- Default test -->
