<?xml version="1.0" encoding="UTF-8"?>
<!-- Generated by org.testng.reporters.JUnitReportReporter -->
<testsuite hostname="Harshal-Patil" failures="0" tests="3" name="TestCase.OrangeHRMVerifications" time="14.731" errors="0" timestamp="2025-11-21T20:52:52 IST" skipped="0">
  <testcase classname="TestCase.OrangeHRMVerifications" name="test_002" time="3.226"/>
  <testcase classname="TestCase.OrangeHRMVerifications" name="tset_003" time="5.271"/>
  <testcase classname="TestCase.OrangeHRMVerifications" name="test_001" time="6.234"/>
</testsuite> <!-- TestCase.OrangeHRMVerifications -->
