<?xml version="1.0" encoding="UTF-8"?>
<!-- Generated by org.testng.reporters.JUnitReportReporter -->
<testsuite hostname="Harshal-Patil" failures="0" tests="3" name="TestCase.Login" time="36.947" errors="0" timestamp="2025-11-19T18:47:13 IST" skipped="0">
  <testcase classname="TestCase.Login" name="test_001" time="17.629"/>
  <testcase classname="TestCase.Login" name="test_002" time="9.883"/>
  <testcase classname="TestCase.Login" name="test_003" time="9.435"/>
</testsuite> <!-- TestCase.Login -->
