<?xml version="1.0" encoding="UTF-8"?>
<!-- Generated by org.testng.reporters.JUnitReportReporter -->
<testsuite hostname="Harshal-Patil" failures="0" tests="2" name="Assertion.AssertionNull" time="3.432" errors="0" timestamp="2025-11-24T15:57:20 IST" skipped="0">
  <testcase classname="Assertion.AssertionNull" name="main" time="3.430">
    <system-out>
      <![CDATA[Driver is not null]]>
    </system-out>
  </testcase> <!-- main -->
  <testcase classname="Assertion.AssertionNull" name="main2" time="0.002">
    <system-out>
      <![CDATA[Driver is null]]>
    </system-out>
  </testcase> <!-- main2 -->
  <system-out>
    <![CDATA[Driver is not null
Driver is null]]>
  </system-out>
</testsuite> <!-- Assertion.AssertionNull -->
