<?xml version="1.0" encoding="UTF-8"?>
<!-- Generated by org.testng.reporters.JUnitReportReporter -->
<testsuite hostname="Harshal-Patil" failures="0" tests="2" name="TestCase.ChronologicalConfigurationAnnotation" time="0.010" errors="0" timestamp="2025-11-20T16:58:51 IST" skipped="0">
  <testcase classname="TestCase.ChronologicalConfigurationAnnotation" name="main2" time="0.002"/>
  <testcase classname="TestCase.ChronologicalConfigurationAnnotation" name="main1" time="0.008"/>
</testsuite> <!-- TestCase.ChronologicalConfigurationAnnotation -->
