<?xml version="1.0" encoding="UTF-8"?>
<testng-results ignored="0" total="1" passed="1" failed="0" skipped="0">
  <reporter-output>
  </reporter-output>
  <suite started-at="2025-12-16T23:26:38 IST" name="Default suite" finished-at="2025-12-16T23:26:49 IST" duration-ms="10560">
    <groups>
    </groups>
    <test started-at="2025-12-16T23:26:38 IST" name="Default test" finished-at="2025-12-16T23:26:49 IST" duration-ms="10560">
      <class name="FunctionalTesting.DashboardTest">
        <test-method is-config="true" signature="preCondition()[pri:0, instance:FunctionalTesting.DashboardTest@198b6731]" started-at="2025-12-16T23:26:38 IST" name="preCondition" finished-at="2025-12-16T23:26:43 IST" duration-ms="4935" status="PASS">
          <reporter-output>
          </reporter-output>
        </test-method> <!-- preCondition -->
        <test-method is-config="true" signature="Login()[pri:0, instance:FunctionalTesting.DashboardTest@198b6731]" started-at="2025-12-16T23:26:43 IST" name="Login" finished-at="2025-12-16T23:26:45 IST" duration-ms="2142" status="PASS">
          <reporter-output>
          </reporter-output>
        </test-method> <!-- Login -->
        <test-method signature="tc_001()[pri:0, instance:FunctionalTesting.DashboardTest@198b6731]" started-at="2025-12-16T23:26:45 IST" name="tc_001" finished-at="2025-12-16T23:26:46 IST" duration-ms="492" status="PASS">
          <reporter-output>
          </reporter-output>
        </test-method> <!-- tc_001 -->
        <test-method is-config="true" signature="logout()[pri:0, instance:FunctionalTesting.DashboardTest@198b6731]" started-at="2025-12-16T23:26:46 IST" name="logout" finished-at="2025-12-16T23:26:48 IST" duration-ms="2432" status="PASS">
          <reporter-output>
          </reporter-output>
        </test-method> <!-- logout -->
        <test-method is-config="true" signature="postCondition()[pri:0, instance:FunctionalTesting.DashboardTest@198b6731]" started-at="2025-12-16T23:26:48 IST" name="postCondition" finished-at="2025-12-16T23:26:49 IST" duration-ms="312" status="PASS">
          <reporter-output>
          </reporter-output>
        </test-method> <!-- postCondition -->
      </class> <!-- FunctionalTesting.DashboardTest -->
    </test> <!-- Default test -->
  </suite> <!-- Default suite -->
</testng-results>
