<?xml version="1.0" encoding="UTF-8"?>
<testng-results ignored="1" total="2" passed="1" failed="0" skipped="0">
  <reporter-output>
    <line>
      <![CDATA[Optional field]]>
    </line>
    <line>
      <![CDATA[Custom field]]>
    </line>
    <line>
      <![CDATA[Data import]]>
    </line>
    <line>
      <![CDATA[Reporting Methods]]>
    </line>
    <line>
      <![CDATA[Termination Reasons]]>
    </line>
    <line>
      <![CDATA[Employee List]]>
    </line>
    <line>
      <![CDATA[Add Employee]]>
    </line>
    <line>
      <![CDATA[Reports]]>
    </line>
  </reporter-output>
  <suite started-at="2025-12-18T11:37:51 IST" name="Default suite" finished-at="2025-12-18T11:38:48 IST" duration-ms="57239">
    <groups>
    </groups>
    <test started-at="2025-12-18T11:37:51 IST" name="Default test" finished-at="2025-12-18T11:38:48 IST" duration-ms="57239">
      <class name="FunctionalTesting.PIMTest">
        <test-method is-config="true" signature="preCondition()[pri:0, instance:FunctionalTesting.PIMTest@79079097]" started-at="2025-12-18T11:37:51 IST" name="preCondition" finished-at="2025-12-18T11:37:57 IST" duration-ms="5932" status="PASS">
          <reporter-output>
          </reporter-output>
        </test-method> <!-- preCondition -->
        <test-method is-config="true" signature="Login()[pri:0, instance:FunctionalTesting.PIMTest@79079097]" started-at="2025-12-18T11:37:57 IST" name="Login" finished-at="2025-12-18T11:37:58 IST" duration-ms="745" status="PASS">
          <reporter-output>
          </reporter-output>
        </test-method> <!-- Login -->
        <test-method signature="tc_002()[pri:0, instance:FunctionalTesting.PIMTest@79079097]" started-at="2025-12-18T11:37:58 IST" name="tc_002" finished-at="2025-12-18T11:38:46 IST" duration-ms="48218" status="PASS">
          <reporter-output>
            <line>
              <![CDATA[Optional field]]>
            </line>
            <line>
              <![CDATA[Custom field]]>
            </line>
            <line>
              <![CDATA[Data import]]>
            </line>
            <line>
              <![CDATA[Reporting Methods]]>
            </line>
            <line>
              <![CDATA[Termination Reasons]]>
            </line>
            <line>
              <![CDATA[Employee List]]>
            </line>
            <line>
              <![CDATA[Add Employee]]>
            </line>
            <line>
              <![CDATA[Reports]]>
            </line>
          </reporter-output>
        </test-method> <!-- tc_002 -->
        <test-method is-config="true" signature="Logout()[pri:0, instance:FunctionalTesting.PIMTest@79079097]" started-at="2025-12-18T11:38:46 IST" name="Logout" finished-at="2025-12-18T11:38:48 IST" duration-ms="1703" status="PASS">
          <reporter-output>
          </reporter-output>
        </test-method> <!-- Logout -->
        <test-method is-config="true" signature="postCondition()[pri:0, instance:FunctionalTesting.PIMTest@79079097]" started-at="2025-12-18T11:38:48 IST" name="postCondition" finished-at="2025-12-18T11:38:48 IST" duration-ms="547" status="PASS">
          <reporter-output>
          </reporter-output>
        </test-method> <!-- postCondition -->
      </class> <!-- FunctionalTesting.PIMTest -->
    </test> <!-- Default test -->
  </suite> <!-- Default suite -->
</testng-results>
