<?xml version="1.0" encoding="UTF-8"?>
<!-- Generated by org.testng.reporters.JUnitReportReporter -->
<testsuite hostname="Harshal-Patil" failures="1" tests="7" name="TestScripts.Scripts" time="51.217" errors="0" timestamp="2025-12-15T23:04:55 IST" skipped="1">
  <testcase classname="TestScripts.Scripts" name="Tc_005" time="5.857">
    <system-out>
      <![CDATA[Login Button is displayed]]>
    </system-out>
  </testcase> <!-- Tc_005 -->
  <testcase classname="TestScripts.Scripts" name="Tc_002" time="5.719">
    <system-out>
      <![CDATA[Logo displayed]]>
    </system-out>
  </testcase> <!-- Tc_002 -->
  <testcase classname="TestScripts.Scripts" name="Tc_006" time="5.618">
    <skipped/>
  </testcase> <!-- Tc_006 -->
  <testcase classname="TestScripts.Scripts" name="Tc_004" time="6.599">
    <system-out>
      <![CDATA[Password TestField is displayed]]>
    </system-out>
  </testcase> <!-- Tc_004 -->
  <testcase classname="TestScripts.Scripts" name="Tc_001" time="9.983">
    <system-out>
      <![CDATA[Landed to right page]]>
    </system-out>
  </testcase> <!-- Tc_001 -->
  <testcase classname="TestScripts.Scripts" name="Tc_003" time="12.630">
    <system-out>
      <![CDATA[Username TestField is displayed]]>
    </system-out>
  </testcase> <!-- Tc_003 -->
  <testcase classname="TestScripts.Scripts" name="Tc_007" time="4.811">
    <failure message="null" type="java.lang.AssertionError">
      <![CDATA[java.lang.AssertionError: null
at org.testng.Assert.fail(Assert.java:111)
at org.testng.Assert.fail(Assert.java:116)
at TestScripts.Scripts.Tc_007(Scripts.java:68)
at java.base/jdk.internal.reflect.DirectMethodHandleAccessor.invoke(DirectMethodHandleAccessor.java:103)
at java.base/java.lang.reflect.Method.invoke(Method.java:580)
at org.testng.internal.invokers.MethodInvocationHelper.invokeMethod(MethodInvocationHelper.java:141)
at org.testng.internal.invokers.TestInvoker.invokeMethod(TestInvoker.java:687)
at org.testng.internal.invokers.TestInvoker.invokeTestMethod(TestInvoker.java:230)
at org.testng.internal.invokers.MethodRunner.runInSequence(MethodRunner.java:63)
at org.testng.internal.invokers.TestInvoker$MethodInvocationAgent.invoke(TestInvoker.java:995)
at org.testng.internal.invokers.TestInvoker.invokeTestMethods(TestInvoker.java:203)
at org.testng.internal.invokers.TestMethodWorker.invokeTestMethods(TestMethodWorker.java:154)
at org.testng.internal.invokers.TestMethodWorker.run(TestMethodWorker.java:134)
at java.base/java.util.ArrayList.forEach(ArrayList.java:1596)
at org.testng.TestRunner.privateRun(TestRunner.java:741)
at org.testng.TestRunner.run(TestRunner.java:616)
at org.testng.SuiteRunner.runTest(SuiteRunner.java:421)
at org.testng.SuiteRunner.runSequentially(SuiteRunner.java:413)
at org.testng.SuiteRunner.privateRun(SuiteRunner.java:373)
at org.testng.SuiteRunner.run(SuiteRunner.java:312)
at org.testng.SuiteRunnerWorker.runSuite(SuiteRunnerWorker.java:52)
at org.testng.SuiteRunnerWorker.run(SuiteRunnerWorker.java:95)
at org.testng.TestNG.runSuitesSequentially(TestNG.java:1274)
at org.testng.TestNG.runSuitesLocally(TestNG.java:1208)
at org.testng.TestNG.runSuites(TestNG.java:1112)
at org.testng.TestNG.run(TestNG.java:1079)
at org.testng.remote.AbstractRemoteTestNG.run(AbstractRemoteTestNG.java:115)
at org.testng.remote.RemoteTestNG.initAndRun(RemoteTestNG.java:293)
at org.testng.remote.RemoteTestNG.main(RemoteTestNG.java:91)
]]>
    </failure>
  </testcase> <!-- Tc_007 -->
  <system-out>
    <![CDATA[method started
Landed to right page
Logo displayed
Username TestField is displayed
Password TestField is displayed
Login Button is displayed]]>
  </system-out>
</testsuite> <!-- TestScripts.Scripts -->
