<?xml version="1.0" encoding="UTF-8"?>
<!-- Generated by org.testng.reporters.JUnitReportReporter -->
<testsuite hostname="Harshal-Patil" failures="1" tests="10" name="FunctionalTesting.LoginTest" time="55.455" errors="0" timestamp="2025-12-16T21:46:53 IST" skipped="0">
  <testcase classname="FunctionalTesting.LoginTest" name="tc_002" time="5.228">
    <system-out>
      <![CDATA[Logo displayed]]>
    </system-out>
  </testcase> <!-- tc_002 -->
  <testcase classname="FunctionalTesting.LoginTest" name="tc_007" time="5.515"/>
  <testcase classname="FunctionalTesting.LoginTest" name="tc_009" time="6.067"/>
  <testcase classname="FunctionalTesting.LoginTest" name="tc_010" time="5.588"/>
  <testcase classname="FunctionalTesting.LoginTest" name="tc_003" time="5.625">
    <system-out>
      <![CDATA[Username TestField is displayed]]>
    </system-out>
  </testcase> <!-- tc_003 -->
  <testcase classname="FunctionalTesting.LoginTest" name="Tc_004" time="5.616">
    <failure message="Test case fail, Password textfield is not visible expected [false] but found [true]" type="java.lang.AssertionError">
      <![CDATA[java.lang.AssertionError: Test case fail, Password textfield is not visible expected [false] but found [true]
at org.testng.Assert.fail(Assert.java:111)
at org.testng.Assert.failNotEquals(Assert.java:1590)
at org.testng.Assert.assertFalse(Assert.java:79)
at FunctionalTesting.LoginTest.Tc_004(LoginTest.java:47)
at java.base/jdk.internal.reflect.DirectMethodHandleAccessor.invoke(DirectMethodHandleAccessor.java:103)
at java.base/java.lang.reflect.Method.invoke(Method.java:580)
at org.testng.internal.invokers.MethodInvocationHelper.invokeMethod(MethodInvocationHelper.java:141)
at org.testng.internal.invokers.TestInvoker.invokeMethod(TestInvoker.java:687)
at org.testng.internal.invokers.TestInvoker.invokeTestMethod(TestInvoker.java:230)
at org.testng.internal.invokers.MethodRunner.runInSequence(MethodRunner.java:63)
at org.testng.internal.invokers.TestInvoker$MethodInvocationAgent.invoke(TestInvoker.java:995)
at org.testng.internal.invokers.TestInvoker.invokeTestMethods(TestInvoker.java:203)
at org.testng.internal.invokers.TestMethodWorker.invokeTestMethods(TestMethodWorker.java:154)
at org.testng.internal.invokers.TestMethodWorker.run(TestMethodWorker.java:134)
at java.base/java.util.ArrayList.forEach(ArrayList.java:1596)
at org.testng.TestRunner.privateRun(TestRunner.java:741)
at org.testng.TestRunner.run(TestRunner.java:616)
at org.testng.SuiteRunner.runTest(SuiteRunner.java:421)
at org.testng.SuiteRunner.runSequentially(SuiteRunner.java:413)
at org.testng.SuiteRunner.privateRun(SuiteRunner.java:373)
at org.testng.SuiteRunner.run(SuiteRunner.java:312)
at org.testng.SuiteRunnerWorker.runSuite(SuiteRunnerWorker.java:52)
at org.testng.SuiteRunnerWorker.run(SuiteRunnerWorker.java:95)
at org.testng.TestNG.runSuitesSequentially(TestNG.java:1274)
at org.testng.TestNG.runSuitesLocally(TestNG.java:1208)
at org.testng.TestNG.runSuites(TestNG.java:1112)
at org.testng.TestNG.run(TestNG.java:1079)
at org.testng.remote.AbstractRemoteTestNG.run(AbstractRemoteTestNG.java:115)
at org.testng.remote.RemoteTestNG.initAndRun(RemoteTestNG.java:293)
at org.testng.remote.RemoteTestNG.main(RemoteTestNG.java:91)
]]>
    </failure>
  </testcase> <!-- Tc_004 -->
  <testcase classname="FunctionalTesting.LoginTest" name="tc_005" time="4.710">
    <system-out>
      <![CDATA[Login Button is displayed]]>
    </system-out>
  </testcase> <!-- tc_005 -->
  <testcase classname="FunctionalTesting.LoginTest" name="tc_008" time="6.995"/>
  <testcase classname="FunctionalTesting.LoginTest" name="tc_006" time="6.215">
    <system-out>
      <![CDATA[Forgot password is displayed]]>
    </system-out>
  </testcase> <!-- tc_006 -->
  <testcase classname="FunctionalTesting.LoginTest" name="tc_001" time="3.896">
    <system-out>
      <![CDATA[Landed to right page]]>
    </system-out>
  </testcase> <!-- tc_001 -->
  <system-out>
    <![CDATA[method started
Landed to right page
Logo displayed
Username TestField is displayed
Login Button is displayed
Forgot password is displayed]]>
  </system-out>
</testsuite> <!-- FunctionalTesting.LoginTest -->
