<?xml version="1.0" encoding="UTF-8"?>
<!-- Generated by org.testng.reporters.JUnitReportReporter -->
<testsuite hostname="Harshal-Patil" failures="0" tests="1" name="FunctionalTesting.PIMTest" time="50.666" errors="0" timestamp="2025-12-18T11:38:49 IST" skipped="0">
  <testcase classname="FunctionalTesting.PIMTest" name="tc_002" time="50.666">
    <system-out>
      <![CDATA[Optional field
Custom field
Data import
Reporting Methods
Termination Reasons
Employee List
Add Employee
Reports]]>
    </system-out>
  </testcase> <!-- tc_002 -->
  <system-out>
    <![CDATA[Optional field
Custom field
Data import
Reporting Methods
Termination Reasons
Employee List
Add Employee
Reports]]>
  </system-out>
</testsuite> <!-- FunctionalTesting.PIMTest -->
