<?xml version="1.0" encoding="UTF-8"?>
<!-- Generated by org.testng.reporters.JUnitReportReporter -->
<testsuite hostname="Harshal-Patil" failures="0" tests="3" name="FunctionalTesting.PIMTest" time="65.384" errors="0" timestamp="2025-12-18T16:51:00 IST" skipped="0">
  <testcase classname="FunctionalTesting.PIMTest" name="tc_002" time="51.975">
    <system-out>
      <![CDATA[Optional field
Custom field
Data import
Reporting Methods
Termination Reasons
Employee List
Add Employee
Reports]]>
    </system-out>
  </testcase> <!-- tc_002 -->
  <testcase classname="FunctionalTesting.PIMTest" name="tc_001" time="10.118"/>
  <testcase classname="FunctionalTesting.PIMTest" name="tc_003" time="3.291"/>
  <system-out>
    <![CDATA[Optional field
Custom field
Data import
Reporting Methods
Termination Reasons
Employee List
Add Employee
Reports]]>
  </system-out>
</testsuite> <!-- FunctionalTesting.PIMTest -->
